Jun 04 19:45 : exception: Failed to open /home/ashwinchandran/.mpd/mpdstate: No such file or directory
Jun 04 19:45 : exception: OutputThread could not get realtime scheduling, continuing anyway: sched_setscheduler failed: Operation not permitted
Jun 04 19:45 : update: added playlist/Airplanes ft[1]. Hayley Williams.mp3
Jun 04 19:45 : update: added playlist/128_rudimental__feel_the_love_ft_john_newman.mp3
Jun 04 19:45 : update: added playlist/Cool Kids Echosmith - 1409569168.mp3
Jun 04 19:45 : update: added playlist/Suyano & Rivero Outherside.mp3
Jun 04 19:45 : update: added playlist/10. Galantis - Runaway (U & I).mp3
Jun 04 19:45 : update: added playlist/Tame Impala - The Less I Know The Better (Official.mp3
Jun 04 19:45 : update: added playlist/starships - nicki minaj.mp3
Jun 04 19:45 : update: added playlist/Coldplay -  A Sky Full Of Stars -.mp3
Jun 04 19:45 : update: added playlist/Assassins Creed Syndicate - E3 Trailer Music  In The Heat Of The Moment (Toydrum Rework).mp3
Jun 04 19:45 : update: added playlist/Pegboard Nerds - Extraordinary (ft. Spyker & Elizaveta).mp3
Jun 04 19:45 : update: added playlist/CHVRCHES - Miracle (Official Video)(MP3_128K).mp3
Jun 04 19:45 : update: added playlist/The Chainsmokers - Young (Nicky Romero Remix Extended).mp3
Jun 04 19:45 : update: added playlist/Kygo_ Sandro Cavazza - Happy Now (Lyric Video)(MP3_128K).mp3
Jun 04 19:45 : update: added playlist/Coldplay - Paradise.mp3
Jun 04 19:45 : update: added playlist/eminem-lose yourself.mp3
Jun 04 19:45 : update: added playlist/Oasis - Wonderwall.mp3
Jun 04 19:45 : update: added playlist/Hardwell dyro ft bright lights never say goodbye.mp3
Jun 04 19:45 : update: added playlist/Hollow Coves - The Woods (Official Music Video).mp3
Jun 04 19:45 : update: added playlist/Illenium - Sleepwalker (feat. Joni Fatora)-1.mp3
Jun 04 19:45 : update: added playlist/Taio Cruz Ft. Pitbull - There She Goes (FULL) (www.SongsLover.com).mp3
Jun 04 19:45 : update: added playlist/Sexual-Healing-Kygo-Remix-2.mp3
Jun 04 19:45 : update: added playlist/04 The Wanted - Glad You Came.mp3
Jun 04 19:45 : update: added playlist/The Script feat. Will.I.Am - Hall of Fame (FULL) (www.SongsLover.pk).mp3
Jun 04 19:45 : update: added playlist/Hans Zimmer - S.T.A.Y. (Interstellar Main Theme).mp3
Jun 04 19:45 : update: added playlist/Avicii waiting for love.mp3
Jun 04 19:45 : update: added playlist/Avicii Dancing in my head.mp3
Jun 04 19:45 : update: added playlist/01-nine-thou-superstars-remix-.mp3
Jun 04 19:45 : update: added playlist/Firebeatz & KSHMR Ft. Luciana - No Heroes (Original Mix).mp3
Jun 04 19:45 : update: added playlist/Alesso - I Wanna Know ft. Nico & Vinz.mp3
Jun 04 19:45 : update: added playlist/Kygo - Sunrise (Audio) ft. Jason Walker.mp3
Jun 04 19:45 : update: added playlist/Perfect - Ed Sheeran (Lyrics)(MP3_128K).mp3
Jun 04 19:45 : update: added playlist/Axwell Λ Ingrosso - More Than You Know(2).mp3
Jun 04 19:45 : update: added playlist/OneRepublic - Feel Again (CDQ) (www.SongsLover.pk).mp3
Jun 04 19:45 : update: added playlist/ellie goulding burn.mp3
Jun 04 19:45 : update: added playlist/01 - Maula Mere Maula - [rKmania.com].mp3
Jun 04 19:45 : update: added playlist/Flo Rida feat. Kesha - Right Round  ( DJ Keule Mix ).mp3
Jun 04 19:45 : update: added playlist/Avicii feat. Sandro Cavazza - Without You (Aventry Remix).mp3
Jun 04 19:45 : update: added playlist/Imagine Dragons - Radioactive.mp3
Jun 04 19:45 : update: added playlist/Skrillex-Scary_Monsters_and_Nice_Sprites.mp3
Jun 04 19:45 : update: added playlist/Jain - Oh Man (Official Video _ Live _MNAC Museum)(MP3_128K).mp3
Jun 04 19:45 : avahi: Service 'Music Player' successfully established.
Jun 04 19:45 : update: added playlist/Idukki Song Video _ The Anthem Of Idukki _ Mala Me(MP3_128K).mp3
Jun 04 19:45 : update: added playlist/Pitbull Ft. Kesha -Timber [Single 2013] MP3 320kbps [nikz].mp3
Jun 04 19:45 : update: added playlist/Well-Be-Coming-Back-Killsonik-Remix-1.mp3
Jun 04 19:45 : update: added playlist/3LAU feat. Bright Lights-How You Love Me (Original Mix) www.myfreemp3.re .mp3
Jun 04 19:45 : update: added playlist/Modestep _ Virtual Riot - Nothing(MP3_128K).mp3
Jun 04 19:45 : update: added playlist/Starton & South Diamond Shake up All.mp3
Jun 04 19:45 : update: added playlist/muzmo_ru_THE_POLICE_-_Every_breath_you_take_9730112.mp3
Jun 04 19:45 : update: added playlist/10. The Fighter (Ft. Ryan Tedder)  - (www.SongsLover.com).mp3
Jun 04 19:45 : update: added playlist/The Beatles - In My Life Lyrics.mp3
Jun 04 19:45 : update: added playlist/Avicii i could be the one.mp3
Jun 04 19:45 : update: added playlist/Bangarang.mp3
Jun 04 19:45 : update: added playlist/Capital Cities  -  One Minute More.mp3
Jun 04 19:45 : update: added playlist/Avicii feat. Aloe Blacc - Wake Me Up (Original Mix).mp3
Jun 04 19:45 : update: added playlist/Illenium_feat_Annika_Wells_Crawl.mp3
Jun 04 19:45 : update: added playlist/Sigrid - Strangers (Official Video).mp3
Jun 04 19:45 : update: added playlist/Ladytron - Ghost.mp3
Jun 04 19:45 : update: added playlist/Ed Sheeran - I See Fire Kygo Remix - mp3mobi.info.mp3
Jun 04 19:45 : update: added playlist/Alesso- Tear The Roof Up (Original Mix) (www.myfreemp3.cc).mp3
Jun 04 19:45 : update: added playlist/Zedd ft. Selena Gomez - I Want You to Know.mp3
Jun 04 19:45 : update: added playlist/Where Are U Now (feat. Justin Bieber) - (www.SongsLover.pk).mp3
Jun 04 19:45 : update: added playlist/a-ha - Take On Me (Official Music Video).mp3
Jun 04 19:45 : update: added playlist/Elvis Presley - Can_t Help Falling In Love (Audio).mp3
Jun 04 19:45 : update: added playlist/Lost_Kings_Look_At_Us_Now_Dzeko.mp3
Jun 04 19:45 : update: added playlist/Chundari_Penne_(KuttyWap.com).mp3
Jun 04 19:45 : update: added playlist/OneRepublic+-+Secrets(music.naij.com).mp3
Jun 04 19:45 : update: added playlist/AronChupa - I&#39;m an Albatraoz - OFFICIAL VIDEO.mp3
Jun 04 19:45 : update: added playlist/Avicii_feat_Rita_Ora_Lonely_Together.mp3
Jun 04 19:45 : update: added playlist/David Guetta Feat. Sia - Titanium.mp3
Jun 04 19:45 : update: added playlist/Jonas Blue - Rise ft. Jack _ Jack.mp3
Jun 04 19:45 : update: added playlist/rednek   they call me (radio mix) - [MP3JUICES.COM].mp3
Jun 04 19:45 : update: added playlist/David Guetta Ft. Sam Martin - Dangerous (David Guetta Banging Remix).mp3
Jun 04 19:45 : update: added playlist/Imagine Dragons Who We Are - (The Hunger Games- Catching Fire Soundtrack) - (4songs.PK).mp3
Jun 04 19:45 : update: added playlist/One Direction - Live While Were Young (www.SongsLover.pk).mp3
Jun 04 19:45 : update: added playlist/Kygo Feat Ella Henderson - Here For You.mp3
Jun 04 19:45 : update: added playlist/01. David Guetta - Dangerous (feat. Sam Martin).mp3
Jun 04 19:45 : update: added playlist/19. Battle Cry.mp3
Jun 04 19:45 : update: added playlist/KSHMR - Carry Me Home (ft. Jake Reese) [Official A.mp3
Jun 04 19:45 : update: added playlist/Save-The-World-ft.-John-Martin-Original-Mix.mp3
Jun 04 19:45 : update: added playlist/Cheat Codes x Kris Kross Amsterdam - SEX (Official Music Video).mp3
Jun 04 19:45 : update: added playlist/Avicii - Let Me Show You Love (Don't Give Up On Us) (Tom Swoon Edit).mp3
Jun 04 19:45 : update: added playlist/Bassjackers_x_Lucas_&_Steve_These.mp3
Jun 04 19:45 : update: added playlist/Green day - Time of your life with lyrics.mp3
Jun 04 19:45 : update: added playlist/Interstellar - Main Theme - Hans Zimmer.mp3
Jun 04 19:45 : update: added playlist/Avicii  Always On The Run (True) Bonus Track (New).mp3
Jun 04 19:45 : update: added playlist/Kygo - Stay (ft. Maty Noyes).mp3
Jun 04 19:45 : update: added playlist/David_Guetta_Feat._Skylar_Grey_-_She_Shot_Me_Down.mp3
Jun 04 19:45 : update: added playlist/01 I Like It (feat. Pitbull).mp3
Jun 04 19:45 : update: added playlist/12. The Monster Ft. Rihanna - [www.Mp3HunGama.IN].mp3
Jun 04 19:45 : update: added playlist/Alesso Heroes (We Could Be).mp3
Jun 04 19:45 : update: added playlist/Julian_Jordan_-_Angels_X_Demons_(Official_Music)_[www.mp3cool.in].mp3
Jun 04 19:45 : update: added playlist/f45X-Skrillex   Cinema %28Official%29.mp3
Jun 04 19:45 : update: added playlist/Avicii-You_Make_Me.mp3
Jun 04 19:45 : update: added playlist/Summer of 69 lyrics.mp3
Jun 04 19:45 : update: added playlist/Get lucky                     Daft Punk                        Random Access Memories www.dilandau.eu.mp3
Jun 04 19:45 : update: added playlist/Florian Paetzold - Edge of Tomorrow (Club Mix).mp3
Jun 04 19:45 : update: added playlist/Axwell Λ Ingrosso - Sun Is Shining.mp3
Jun 04 19:45 : update: added playlist/Kygo - Stole The Show (feat. Parson James).mp3
Jun 04 19:45 : update: added playlist/Avicii levels.mp3
Jun 04 19:45 : update: added playlist/Coasts - Oceans (Young Bombs Remix).mp3
Jun 04 19:45 : update: added playlist/Lukas Graham -7 Years OFFICIAL MUSIC VIDEO.mp3
Jun 04 19:45 : update: added playlist/03-akon-smack_that_(ft._eminem)-osc.mp3
Jun 04 19:45 : update: added playlist/Rudimental - Waiting All Night (feat. Ella Eyre).mp3
Jun 04 19:45 : update: added playlist/David_Guetta_Ft._Showtek_and_Vassy_-_Bad_Original_Mix_320_.mp3
Jun 04 19:45 : update: added playlist/Avicii - Without You (feat. Sandro Cavazza).mp3
Jun 04 19:45 : update: added playlist/owl_city_and_carly_rae_japsen_good_time_[zaycev-mp3.net].mp3
Jun 04 19:45 : update: added playlist/Nancy Sinatra - These Boots Are Made For Walking (.mp3
Jun 04 19:45 : update: added playlist/Vicetone - Don't You Run ft. Raja Kumari (Official Music Video).mp3
Jun 04 19:45 : update: added playlist/one republic - counting stars.mp3
Jun 04 19:45 : update: added playlist/09. Calvin Harris & Disciples - How Deep Is Your Love.mp3
Jun 04 19:45 : update: added playlist/Avicii - For A Better Day.mp3
Jun 04 19:45 : update: added playlist/Of Monsters And Men - Little Talks (Official Video).mp3
Jun 04 19:45 : update: added playlist/The Animals - The House of the Rising Sun Mafia II.mp3
Jun 04 19:45 : update: added playlist/R3hab &amp; KSHMR - Islands.mp3
Jun 04 19:45 : update: added playlist/Fitz and the Tantrums - Out of My League (Audio).mp3
Jun 04 19:45 : update: added playlist/Evensong Innocence Mission %5BSongsx.Pk%5D.mp3
Jun 04 19:45 : update: added playlist/Virtual Riot - In My Head (feat. PRXZM)(MP3_128K).mp3
Jun 04 19:45 : update: added playlist/David Bowie - Heroes-1.mp3
Jun 04 19:45 : update: added playlist/01 - Wake Me Up-1.mp3
Jun 04 19:45 : update: added playlist/It ain't me kygo & selena gomez.mp3
Jun 04 19:45 : update: added playlist/GTA - Red Lips feat. Sam Bruno %28Skrillex Remix%29 - 320Kbps%28VipMusic.In%29.mp3
Jun 04 19:45 : update: added playlist/HIIO - Survivor.mp3
Jun 04 19:45 : update: added playlist/Axwell .mp3
Jun 04 19:45 : update: added playlist/Hardwell & Dannic feat. Haris - Survivors (Edit).mp3
Jun 04 19:45 : update: added playlist/Tears Of The Sun (Extended Mix) Jetfire & Rivero feat. Nolan van Lith;.mp3
Jun 04 19:45 : update: added playlist/Alesso ft. Ryan Tedder - Scars For Life.mp3
Jun 04 19:45 : update: added playlist/Queen-We Will Rock You www.myfreemp3.re .mp3
Jun 04 19:45 : update: added playlist/Avicii fade into darkness.mp3
Jun 04 19:45 : update: added playlist/Eminem_-_Superman_(KuttyWeb.com).mp3
Jun 04 19:45 : update: added playlist/Still Corners - The Trip.mp3
Jun 04 19:45 : update: added playlist/_City of Stars_ (Duet ft. Ryan Gosling_ Emma Stone.mp3
Jun 04 19:45 : update: added playlist/Avicii_-_The_Nights.mp3
Jun 04 19:45 : update: added playlist/Shape of You by Ed Sheeran - 128Kbps (Songspksongspk.audio).mp3
Jun 04 19:45 : update: added playlist/Shaun_Frank_&_Kshmr_Feat._Delaney_Jane_-_Heaven_(Original_Mix)_[www.mp3cool.in].mp3
Jun 04 19:45 : update: added playlist/sir_mix_a_lot_sir_mix_a_lot_baby_got_back_i_like_big_butts_%28NaitiMP3.ru%29.mp3
Jun 04 19:45 : update: added playlist/The Sound of Silence (Original Version from 1964).mp3
Jun 04 19:45 : update: added playlist/Swedish_House_Mafia_feat_John_Martin_-_Dont_You_Worry_Child 1.mp3
Jun 04 19:45 : update: added playlist/First Time Kygo.mp3
Jun 04 19:45 : update: added playlist/Kaanthaa - Masala Coffee - Music Mojo Season 3 - Kappa TV.mp3
Jun 04 19:45 : update: added playlist/Jonathan Murrill   Catch Me.mp3
Jun 04 19:45 : update: added playlist/onerepublic-counting-stars-1407102004.mp3
Jun 04 19:45 : update: added playlist/10   Skrillex - Make It Bun Dem.mp3
Jun 04 19:45 : update: added playlist/07. I Can Only Imagine (Ft. Chris Brown And Lil Wayne) (www.SongsLover.com).mp3
Jun 04 19:45 : update: added playlist/3LAU & Nom De Strip feat. Estelle - The Night (Ak9 Remix).mp3
Jun 04 19:45 : update: added playlist/06. David Guetta - Lift me up (feat. Nico and Vinz Ladysmith Black Mambazo).mp3
Jun 04 19:45 : update: added playlist/John Denver - Take Me Home_ Country Roads (Audio).mp3
Jun 04 19:45 : update: added playlist/i Could be The one Avicii.mp3
Jun 04 19:45 : update: added playlist/Sia - Cheap Thrills (Lyric Video) ft. Sean Paul.mp3
Jun 04 19:45 : update: added playlist/The Clash - London Calling (2013 remaster).mp3
Jun 04 19:45 : update: added playlist/ഉയിരിൽ തൊടും Uyiril Thodum - Kumbalangi Nights Off(MP3_128K).mp3
Jun 04 19:45 : update: added playlist/Skrillex - Syndicate.mp3
Jun 04 19:45 : update: added playlist/Mad World - Michael Andrews ft. Gary Jules [Lyrics(MP3_128K).mp3
Jun 04 19:45 : update: added playlist/03 Tum Saath Ho - Tamasha (Arijit Singh) 190Kbps.mp3
Jun 04 19:45 : update: added playlist/Sean Paul - Temperature.mp3
Jun 04 19:45 : update: added playlist/[HQ Classic] Bohemian Rhapsody - Queen 320kbps.mp3
Jun 04 19:45 : update: added playlist/Martin Garrix - Sun Is Never Going Down feat Dawn Golden.mp3
Jun 04 19:45 : update: added playlist/ODESZA - Say My Name (feat. Zyra) - Lyric Video.mp3
Jun 04 19:45 : update: added playlist/Gilbert O Sullivan - Alone Again %28Naturally%29   %28HQ%29.mp3
Jun 04 19:45 : update: added playlist/[Preview]_Axwell_Λ_Ingrosso-On_My_Way_HQ_.mp3
Jun 04 19:45 : update: added playlist/Calvin Harris Ft John Newman - Blame.mp3
Jun 04 19:45 : update: added playlist/walk the moon.mp3
Jun 04 19:45 : update: added playlist/oldies_louis_armstrong__what_a_wonderful_world.mp3
Jun 04 19:45 : update: added playlist/CHRISTMAS_DAY.MP3
Jun 04 19:45 : update: added playlist/Kygo - Kids in Love (Audio) ft. The Night Game.mp3
Jun 04 19:45 : update: added playlist/avicii alive ft ellie gouldin.mp3
Jun 04 19:45 : update: added playlist/Paradise city Guns n' roses ost Burnout Paradise (1).mp3
Jun 04 19:45 : update: added playlist/BackstreetBoysShowmethemeaning.mp3
Jun 04 19:45 : update: added playlist/Radiohead - High _ Dry.mp3
Jun 04 19:45 : update: added playlist/03-bonfire.mp3
Jun 04 19:45 : update: added playlist/Guy Sebastian Ft. 2 Chainz - Mama Ain't Proud (CDQ) (1).mp3
Jun 04 19:45 : update: added playlist/fro rida- whistle.mp3
Jun 04 19:45 : update: added playlist/Lionel Ritchie - Say you say me.mp3
Jun 04 19:45 : update: added playlist/Bee Gees - Stayin_ Alive (1977).mp3
Jun 04 19:45 : update: added playlist/The Cranberries - Zombie(MP3_128K).mp3
Jun 04 19:45 : update: added playlist/Johnny Cash - Hurt (Official Video) HD.mp3
Jun 04 19:45 : update: added playlist/Run Riot - A Light Goes Off NFS Most Wanted 2012 Soundtrack.mp3
Jun 04 19:45 : update: added playlist/ZHU x Nero - Dreams.mp3
Jun 04 19:45 : update: added playlist/Crosses__-_Telepathy.mp3
Jun 04 19:45 : update: added playlist/Strange Talk - Cast Away NFS Most Wanted 2012 Soundtrack.mp3
Jun 04 19:45 : update: added playlist/Will.I.Am-ft-Miley-Cyrus-Fall-Down-Maxibeats.com.mp3
Jun 04 19:45 : update: added playlist/Sick Individuals - Never Say Never (Original Mix).mp3
Jun 04 19:45 : update: added playlist/avicii gravity.mp3
Jun 04 19:45 : update: added playlist/08. I Cry (www.SongsLover.Pk).mp3
Jun 04 19:45 : update: added playlist/Wyclef_Jean-Divine_Sorrow_feat_Avicii_.mp3
Jun 04 19:45 : update: added playlist/Madeon - The City NFS Most Wanted 2012 Soundtrack.mp3
Jun 04 19:45 : update: added playlist/Gym_Class_Heroes_Stereo_Hearts_ft._Adam_Levine_OFFICIAL_VIDEO.mp3
Jun 04 19:45 : update: added playlist/love me again John Newman.mp3
Jun 04 19:45 : update: added playlist/Pendulum - The Island Pt I Dawn.mp3
Jun 04 19:45 : update: added playlist/Christopher_Quezada_-_Blinding_Through_The_Dark.mp3
Jun 04 19:45 : update: added playlist/Pink Floyd - Wish You Were Here.mp3
Jun 04 19:45 : update: added playlist/MGMT - When You Die(MP3_128K).mp3
Jun 04 19:45 : update: added playlist/Creep - Radiohead.mp3
Jun 04 19:45 : update: added playlist/Kygo ft. Julia Michaels - Carry Me - MP3 320.mp3
Jun 04 19:45 : update: added playlist/07. Friction.mp3
Jun 04 19:45 : update: added playlist/Radiohead - Fake Plastic Trees.mp3
Jun 04 19:45 : update: added playlist/The Script_-_If_You_Could_See Me Now.mp3
Jun 04 19:45 : update: added playlist/Avicii Tim Berg (Avicii) & Kate Ryan - Run Away.mp3
Jun 04 19:45 : update: added playlist/- THE WANTED - CHASING THE SUN.mp3
Jun 04 19:45 : update: added playlist/Onerepublic marchin on.mp3
Jun 04 19:45 : update: added playlist/Steve Angello feat. Paul Meany - Breaking Kind.mp3
Jun 04 19:45 : update: added playlist/01-ImmigrantSong.mp3
Jun 04 19:45 : update: added playlist/Avicii_ft._Blondfire_-_Liar_Liar_HD.mp3
Jun 04 19:45 : update: added playlist/Avicii Adam_Lambert-Lay_Me_Down__.mp3
Jun 04 19:45 : update: added playlist/Radiohead - No Surprises.mp3
Jun 04 19:45 : update: added playlist/Sigrid - Schedules (Lyric Video)(MP3_128K).mp3
Jun 04 19:45 : update: added playlist/Avicii-Addicted_To_You.mp3
Jun 04 19:45 : update: added playlist/Avicii_-_Dear_Boy_Original_Mix_(mp3.pm).mp3
Jun 04 19:45 : update: added playlist/Coldplay - Adventure Of A Lifetime(VipMusic.In).mp3
Jun 04 19:45 : update: added playlist/We Are Never Ever Getting Back Together.mp3
Jun 04 19:45 : update: added playlist/Tiesto & Sevenn - Boom (spankradio.cz).mp3
Jun 04 19:45 : update: added playlist/61. Zedd - Beautiful Now ft. Jon Bellion.mp3
Jun 04 19:45 : update: added playlist/Hardwell feat. Amba Shepherd - Apollo (Radio Edit).mp3
Jun 04 19:45 : update: added playlist/Avicii ft Lana Del Rey - Dear Boy.mp3
Jun 04 19:45 : update: added playlist/This Town ft Sasha Sloan.mp3
Jun 04 19:45 : update: added playlist/iaz replay.mp3
Jun 04 19:45 : update: added playlist/09 Breaking The Habit.mp3
Jun 04 19:45 : update: added playlist/one republic If i lose myself.mp3
Jun 04 19:45 : update: added playlist/03. Beautiful Now (feat. Jon Bellion) - Zedd (320kbps).mp3
Jun 04 19:45 : update: added playlist/Chris Brown Ft. Will.I.Am - One Of Those Nights (FULL) (Tags).mp3
Jun 04 19:45 : update: added playlist/Lukas Graham - Mama Said OFFICIAL MUSIC VIDEO.mp3
Jun 04 19:45 : update: added playlist/audio.mp3
Jun 04 19:45 : update: added playlist/Kygo_ Imagine Dragons - Born To Be Yours (Audio).mp3
Jun 04 19:45 : update: added playlist/Post Malone_ Swae Lee - Sunflower (Spider-Man_ Int(MP3_128K).mp3
Jun 04 19:45 : update: added playlist/Muse_-_Isolated_System__Follow_Me_World_War_Z_Credits_Song.mp3
Jun 04 19:45 : update: added playlist/Eurythmics - Sweet Dreams (Are Made Of This) (Offi.mp3
Note: Illegal Audio-MPEG-Header 0x00000000 at offset 509.
Note: Trying to resync...
Note: Hit end of (available) data during resync.
Jun 04 19:45 : mpg123: mpg123_getformat() failed: Message: I am done with this track.
Jun 04 19:45 : ffmpeg/mp3: Failed to read frame size: Could not seek to 1536.
Jun 04 19:45 : update: added playlist/02. Lightning (www.SongsLover.com).mp3
Jun 04 19:45 : update: added playlist/Led Zeppelin - Stairway To Heaven (NOT LIVE) (Perfect Audio).mp3
Jun 04 19:45 : update: added playlist/we found love.mp3
Jun 04 19:45 : update: added playlist/11. David Guetta - Sun Goes Down (feat. MAGIC and Sonny Wilson).mp3
Jun 04 19:45 : update: added playlist/One_Republic_-_Good_Life_6826.mp3
Jun 04 19:45 : update: added playlist/06-in-and-out-of-love-2.mp3
Jun 04 19:45 : update: added playlist/Deadmau5_feat._Gerard_Way-Professional_Griefers_(Radio_Edit)_7236.mp3
Jun 04 19:45 : update: added playlist/Avicii Hey Brother.mp3
Jun 04 19:45 : update: added playlist/AJR - Sober Up (feat. Rivers Cuomo) [OFFICIAL VIDE(MP3_128K).mp3
Jun 04 19:45 : update: added playlist/Gorillaz - On Melancholy Hill (Official Video) (1).mp3
Jun 04 19:45 : update: added playlist/Axwell-Ingrosso Something New.mp3
Jun 04 19:45 : update: added playlist/Enrique Iglesias - Finally Found You [DJxPop].mp3
Jun 04 19:45 : update: added playlist/Avicii - Speed Burn  Lotus F1 Team Mix.mp3
Jun 04 19:45 : update: added playlist/118 - Lord Huron - The Night We Met.mp3
Jun 04 19:45 : update: added playlist/Rihanna_&_Calvin_Harris_We_Found.mp3
Jun 04 19:45 : update: added playlist/Tame Impala - Yes I_m Changing.mp3
Jun 04 19:45 : update: added playlist/imagine dragons I Bet My Life.mp3
Jun 04 19:45 : update: added playlist/[wap10.net]Alesso_-_Sweet_Escape.mp3
Jun 04 19:45 : update: added playlist/WDL-Bob's Beat (Feat. Mawe) www.myfreemp3.biz .mp3
Jun 04 19:45 : update: added playlist/Coldplay - A Head Full Of Dreams (Official video).mp3
Jun 04 19:45 : update: added playlist/Bruno Mars - Locked Out Of Heaven (www.SongsLover.pk).mp3
Jun 04 19:45 : update: added playlist/Katy Perry - Firework.mp4
Jun 04 19:45 : update: added playlist/The Catalyst.mp3
Jun 04 19:45 : update: added playlist/The Shins - The Rifle_s Spiral (Video).mp4
Jun 04 19:45 : update: added playlist/Icona Pop _ I Love ItCLEAN (292-2014).mp3
Jun 04 19:45 : update: added playlist/Kygo - Raging (feat Kodaline.).mp3
Jun 04 19:45 : update: added playlist/Alesso Feat. Roy English - Cool (Extended Version).mp3
Jun 04 19:45 : update: added playlist/Max Payne 3 Credits Song_ Health - Tears (bass boosted).mp3
Jun 04 19:45 : update: added playlist/Tiësto - Red Lights.mp3
Jun 04 19:45 : update: added playlist/Snehithane Cover (Alaipayuthe) - Masala Coffee  - (1).mp4
Jun 04 19:45 : update: added playlist/Alan Walker - Faded.mp3
Jun 04 19:45 : update: added playlist/Avicii vs Madonna - Girl Gone Wild (Avicii remix).mp3
Jun 04 19:45 : update: added playlist/Stand By Me_ Ben E King_ 1961.mp3
Jun 04 19:45 : update: added playlist/Lovers on the Sun  feat  Sam Martin -(Mr-Jatt.com).mp3
Jun 04 19:45 : update: added playlist/Kygo - Cruise (feat. Andrew Jackson).mp3
Jun 04 19:45 : update: added playlist/007 - BackStreet Boy's - Everybody Rock Your Body.mp3
Jun 04 19:45 : update: added playlist/Imagine Dragons - Battle Cry - (4songs.PK).mp3
Jun 04 19:45 : update: added playlist/Passenger - Let Her Go.mp3
Jun 04 19:45 : update: added playlist/You re The Best Thing About Me.mp3
Jun 04 19:45 : update: added playlist/Louis The Child - Better Not (Lyric Video) ft. Waf.mp3
Jun 04 19:45 : update: added playlist/A-ha - Take On Me (Kygo Remix).mp3
Jun 04 19:45 : update: added playlist/radioactive.mp3
Jun 04 19:45 : update: added playlist/Hardwell-feat.-Mitch-Crown-Call-Me-A-Spaceman-320kbps.mp3
Jun 04 19:45 : update: added playlist/The Magician - 'SHY' (feat. Brayton Bowman).mp3
Jun 04 19:45 : update: added playlist/Cartoon - On _ On (feat. Daniel Levi) [NCS Release.mp3
Jun 04 19:45 : update: added playlist/Breathe Carolina Jay Cosmic feat. Haliene - See The Sky (Official Music Video).mp3
Jun 04 19:45 : update: added playlist/Avicii-All_You_Need_Is_Love_Original_Mix(www.mp3vip.org).mp3
Jun 04 19:45 : update: added playlist/Avicii seek bromance.mp3
Jun 04 19:45 : update: added playlist/Hotel California , video original.mp3
Jun 04 19:45 : update: added playlist/Bastille-Pompeii.mp3
Jun 04 19:45 : update: added playlist/Gryffin - Nobody Compares To You (ft. Katie Pearlm.mp3
Jun 04 19:45 : update: added playlist/Avicii-The Days (feat. Robbie Williams) (www.myfree.cc).mp3
Jun 04 19:45 : update: added playlist/dimitri-vegas-body-talk-mammoth-feat-moguai-amp-like-mike-feat-julian-perretta-4498029441[mp3freex].mp3
Jun 04 19:45 : update: added playlist/Jain - Alright (Official Video)(MP3_128K).mp3
Jun 04 19:45 : update: added playlist/MGK-Invincible_feat_Ester_Dean_.mp3
Jun 04 19:45 : update: added playlist/Martin Garrix  Dua Lipa - Scared To Be Lonely (Original Mix).mp3
Jun 04 19:45 : update: added playlist/Virtual Riot - Shindeiru(MP3_128K).mp3
Jun 04 19:45 : update: added playlist/Florence   The Machine - Hunger.mp3
Jun 04 19:45 : update: added playlist/Avicii_-_Broken_Arrows.mp3
Jun 04 19:45 : update: added playlist/MajorLazer_DJSnake-LeanOn.mp3
Jun 04 19:45 : update: added playlist/DVBBS & Joey Dale Ft. Delora - Deja Vu (Radio Edit) (1).mp3
Jun 04 19:45 : update: added playlist/muzmo_ru_Richard_Marx_-_Right_There_Waiting_1755042.mp3
Jun 04 19:45 : update: added playlist/Take My Breath Away (Original Mix) Alesso.mp3
Jun 04 19:45 : update: added playlist/Hardwell-Sally_feat_Harrison_.mp3
Jun 04 19:45 : update: added playlist/Mikky Ekko - Smile.mp3
Jun 04 19:45 : update: added playlist/Borgeous - They Don't Know Us (Radio Edit) (Www.HitUrbano.NeT).mp3
Jun 04 19:45 : update: added playlist/Hey Soul Sister.mp3
Jun 04 19:45 : update: added playlist/Summertime-Sadness-Lana-Del-Rey-vs-Cedric-Gervais-Cedric-Ger.mp3
Jun 04 19:45 : update: added playlist/Call Me Maybe - Carly Rae Jepsen (Alex Goot, Dave Days, Chad Sugg COVER).mp3
Jun 04 19:45 : update: added playlist/Nagumo93(NetSongs.Net).mp3
Jun 04 19:45 : update: added playlist/The Chainsmokers & Coldplay - Something Just Like This [Beat Paradise].mp3
Jun 04 19:45 : update: added playlist/Rude - MAGIC!.mp3
Jun 04 19:45 : update: added playlist/John Newman - Love Me Again.mp3
Jun 04 19:45 : update: added playlist/02 - Firestone - Kygo feat. Conrad Sewell.mp3
Jun 04 19:45 : update: added music videos/twenty one pilots- Ride (Video).mp4
Jun 04 19:45 : update: added music videos/Steve Aoki & Headhunterz - The Power Of Now (Official Video).mp4
Jun 04 19:45 : update: added music videos/Bingo Players - Out Of My Mind (Official Music Video)-1.mp4
Jun 04 19:45 : update: added music videos/AC-DC - Thunderstruck.mp4
Jun 04 19:45 : update: added music videos/Maroon 5 - Sugar.mp4
Jun 04 19:45 : update: added music videos/twenty one pilots- Car Radio [OFFICIAL VIDEO].mp4
Jun 04 19:45 : update: added music videos/Of Monsters And Men - Little Talks (Official Video).mp4
Jun 04 19:45 : update: added music videos/Oasis Wonderwall.mp4
Jun 04 19:45 : update: added music videos/Martin Garrix & Third Party - Lions In The Wild [Official Video].mp4
Jun 04 19:45 : update: added music videos/Green Day - 'Stray Heart' (Official Video).mp4
Jun 04 19:45 : update: added music videos/Castle of Glass (Official Video) - Linkin Park.mp4
Jun 04 19:45 : update: added music videos/AC-DC - T.N.T..mp4
Jun 04 19:45 : update: added music videos/Calvin Harris - Outside ft. Ellie Goulding.mp4
Jun 04 19:45 : update: added music videos/NERVO & Askery feat Brielle Von Hugel - Alone (Official Music Video).mp4
Jun 04 19:45 : update: added music videos/Coldplay - A Sky Full Of Stars (Official video).mp4
Jun 04 19:45 : update: added music videos/Major Lazer & Showtek - Believer (Official Lyric Video).mp4
Jun 04 19:45 : update: added music videos/Burning In The Skies (Official International Video) - Linkin Park.mp4
Jun 04 19:45 : update: added music videos/Maroon 5 - Maps (Explicit).mp4
Jun 04 19:45 : update: added music videos/Lose Yourself mvid.m4v
Jun 04 19:45 : update: added music videos/Bon Jovi - You Give Love A Bad Name.mp4
Jun 04 19:45 : update: added music videos/Breathe Carolina %26 Sunstars - DYSYLM %28Official Music Video%29.mp4
Jun 04 19:45 : update: added music videos/Final Masquerade (Official Video) - Linkin Park.mp4
Jun 04 19:45 : update: added music videos/New Divide (Official Video) - Linkin Park.mp4
Jun 04 19:45 : update: added music videos/Rain Man feat. Oly - Bring Back The Summer (Not Your Dope Remix).mp4
Jun 04 19:45 : update: added music videos/Lynyrd Skynyrd - Sweet Home Alabama - Lyrics IN Video + Description (HD).mp4
Jun 04 19:45 : update: added music videos/Ashes Remain - On My Own [HD Animated Lyrics].mp4
Jun 04 19:45 : update: added music videos/For_Hawwa_and_Aimina-1.MP4
Jun 04 19:45 : update: added music videos/[Drumstep] - Excision & Pegboard Nerds - Bring The Madness (feat. Mayor Apeshit) [Monstercat].mp4
Jun 04 19:45 : update: added music videos/OneRepublic - All The Right Moves.mp4
Jun 04 19:45 : update: added music videos/Calvin Harris - This Is What You Came For (Official Video) ft. Rihanna.mp4
Jun 04 19:45 : update: added music videos/Coldplay - Up Up (Official video).mp4
Jun 04 19:45 : update: added music videos/Mike Posner - I Took A Pill In Ibiza (Seeb Remix) (Explicit).mp4
Jun 04 19:45 : update: added music videos/Martin Garrix & Bebe Rexha - In The Name Of Love (Official Video).mp4
Jun 04 19:45 : update: added music videos/AC-DC - Highway to Hell.mp4
Jun 04 19:45 : update: added music videos/[Trap] - Aero Chord - Boundless [Monstercat Release].mp4
Jun 04 19:45 : update: added music videos/videoplayback.3gp
Jun 04 19:45 : update: added music videos/Charlie Puth - One Call Away [Official Video].mp4
Jun 04 19:45 : update: added music videos/Steve Aoki feat. Linkin Park - Darker Than Blood (Official Video).mp4
Jun 04 19:45 : update: added music videos/Coldplay - Paradise (Official Video).mp4
Jun 04 19:45 : update: added music videos/Skrillex & Damian 'Jr. Gong' Marley - Make It Bun Dem [OFFICIAL VIDEO].mp4
Jun 04 19:45 : update: added music videos/The Script - Superheroes 1.mp4
Jun 04 19:45 : update: added music videos/Borgeous Feat. Lights - Zero Gravity (Official Music Video).mp4
Jun 04 19:45 : update: added music videos/Ghost In The Shell - Steve Aoki Remix.mp4
Jun 04 19:45 : update: added music videos/Marshmello - Alone (Official Music Video).mp4
Jun 04 19:45 : update: added music videos/Bruno Mars - The Lazy Song [OFFICIAL VIDEO].mp4
Jun 04 19:45 : update: added music videos/Crawling (Official Video) - Linkin Park.mp4
Jun 04 19:45 : update: added music videos/Burn It Down (Official Video) - Linkin Park.mp4
Jun 04 19:45 : update: added music videos/David Guetta - Without You ft. Usher (Official Video).3gp
Jun 04 19:45 : update: added music videos/The Magician - 'SHY' (feat. Brayton Bowman).mp4
Jun 04 19:45 : update: added music videos/Karen O - I Shall Rise (Official Video).mp4
Jun 04 19:45 : update: added music videos/Green Day - Kill The DJ [Official Video].mp4
Jun 04 19:45 : update: added music videos/Ellie Goulding - Love Me Like You Do (Official Video).mp4
Jun 04 19:45 : update: added music videos/Gym Class Heroes- Stereo Hearts ft. Adam Levine [OFFICIAL VIDEO].mp4
Jun 04 19:45 : update: added music videos/Cheat Codes x Kris Kross Amsterdam - SEX (Official Music Video).mp4
Jun 04 19:45 : update: added music videos/Aero Chord - Surface.mp4
Jun 04 19:45 : update: added music videos/bruno-mars-grenade-official-music-video000.mp4
Jun 04 19:45 : update: added music videos/From The Inside (Official Video) - Linkin Park.mp4
Jun 04 19:45 : update: added music videos/SKRILLEX   ALVIN RISK - TRY IT OUT [OFFICIAL VIDEO].mp4
Jun 04 19:45 : update: added music videos/Breathe Carolina - This Again %28Dropgun %26 Taku-Hero Remix%29.mp4
Jun 04 19:45 : update: added music videos/AronChupa - I&#39;m an Albatraoz - OFFICIAL VIDEO.mp4
Jun 04 19:45 : update: added music videos/Miley Cyrus - Wrecking Ball.mp4
Jun 04 19:45 : update: added music videos/Green Day- 'Boulevard Of Broken Dreams' - [Official Video].mp4
Jun 04 19:45 : update: added music videos/A-Ha Take On Me.mp4
Jun 04 19:45 : update: added music videos/The Script - If You Could See Me Now.mp4
Jun 04 19:45 : update: added music videos/Calvin Harris - Feels (Official Video) ft. Pharrell Williams, Katy Perry, Big Sean.mp4
Jun 04 19:45 : update: added music videos/A Light That Never Comes (Official Video) - Linkin Park x Steve Aoki.mp4
Jun 04 19:45 : update: added music videos/Of Monsters And Men - Love Love Love (Official Lyric Video).mp4
Jun 04 19:45 : update: added music videos/Maroon 5 - Moves Like Jagger ft. Christina Aguilera.mp4
Jun 04 19:45 : update: added music videos/A-HA feat KYGO - TAKE ON ME - EXCLUSIVE - The 2015 Nobel Peace Prize Concert-1.mp4
Jun 04 19:45 : update: added music videos/Linkin Park - The Messenger (Music Video).mp4
Jun 04 19:45 : update: added music videos/Skrillex   Rick Ross - Purple Lamborghini  Official Video .mp4
Jun 04 19:45 : update: added music videos/Imagine Dragons - It's Time.mp4
Jun 04 19:45 : update: added music videos/Bleed It Out (Official Video) - Linkin Park.mp4
Jun 04 19:45 : update: added music videos/Suyano & RIVERO - ID (Wait For The Night)-1.mp4
Jun 04 19:45 : update: added music videos/AC-DC - Back In Black.mp4
Jun 04 19:45 : update: added music videos/The Script - For The First Time (HD Version)-1.mp4
Jun 04 19:45 : update: added music videos/Sucker for Pain - Lil Wayne  Wiz Khalifa   Imagine Dragons w- Logic   Ty Dolla $ign ft X Ambassadors.mp4
Jun 04 19:45 : update: added music videos/Imagine Dragons - Radioactive.mp4
Jun 04 19:45 : update: added music videos/Legends 2   12 Bed Of Roses   Statler Brothers.mp4
Jun 04 19:45 : update: added music videos/Steve Aoki & Louis Tomlinson - Just Hold On (Cover Art).mp4
Jun 04 19:45 : update: added music videos/Sia - Cheap Thrills (Lyric Video) ft. Sean Paul.mp4
Jun 04 19:45 : update: added music videos/Imagine Dragons - Demons (Official).mp4
Jun 04 19:45 : update: added music videos/Major Lazer   DJ Snake - Lean On (feat. MØ) (Official Music Video).mp4
Jun 04 19:45 : update: added music videos/Taylor Shift- Blank Space.mp4
Jun 04 19:45 : update: added music videos/DJ Snake - Middle ft. Bipolar Sunshine.mp4
Jun 04 19:45 : update: added music videos/Green Day - Wake Me Up When September Ends [Official Music Video].mp4
Jun 04 19:45 : update: added music videos/Sia Greatest.mp4
Jun 04 19:45 : update: added music videos/Bebe Rexha - I Got You [Official Music Video].mp4
Jun 04 19:45 : update: added music videos/Enrique Iglesias - Finally Found You ft. Sammy Adams.mp4
Jun 04 19:45 : update: added music videos/good.mp4
Jun 04 19:45 : update: added music videos/OneRepublic - Wherever I Go (Official Video).mp4
Jun 04 19:45 : update: added music videos/Somewhere I Belong (Official Video) - Linkin Park.mp4
Jun 04 19:45 : update: added music videos/green_day-21_guns-dvdrip-x264-2009-fvidz.mkv
Jun 04 19:45 : update: added music videos/Coldplay - A Head Full Of Dreams (Official video).mp4
Jun 04 19:45 : update: added music videos/Bruno Mars   Talking to the moon.mp4
Jun 04 19:45 : update: added music videos/Waiting For The End (Official Video) - Linkin Park.mp4
Jun 04 19:45 : update: added music videos/Alan Walker - Sing Me To Sleep.mp4
Jun 04 19:45 : update: added music videos/Gavin DeGraw - I Don't Want To Be (1).mp4
Jun 04 19:45 : update: added music videos/Avicii - Levels.mp4
Jun 04 19:45 : update: added music videos/Bastille - Pompeii.mp4
Jun 04 19:45 : update: added music videos/Coldplay - Yellow.mp4
Jun 04 19:45 : update: added music videos/Ed_Sheeran___Photograph__Official_Music_Video__hd1080_muxed.mp4
Jun 04 19:45 : update: added music videos/twenty one pilots- Heathens (from Suicide Squad- The Album)  OFFICIAL VIDEO .mp4
Jun 04 19:45 : update: added music videos/Breaking The Habit (Official Video) - Linkin Park.mp4
Jun 04 19:45 : update: added music videos/Calvin Harris - My Way (Official Video).mp4
Jun 04 19:45 : update: added music videos/DyE - Fantasy - Official Video.mp4
Jun 04 19:45 : update: added music videos/Coldplay - Hymn For The Weekend (Official video).mp4
Jun 04 19:45 : update: added music videos/Numb (Official Video) - Linkin Park.mp4
Jun 04 19:45 : update: added music videos/Dua Lipa - New Rules (Official Music Video) (1).mp4
Jun 04 19:45 : update: added music videos/AronChupa - Little Swing ft. Little Sis Nora _ OFFICIAL VIDEO_HD.mp4
Jun 04 19:45 : update: added music videos/Charlie Puth - We Don't Talk Anymore (feat. Selena Gomez) [Official Video].mp4
Jun 04 19:45 : update: added music videos/DJ Snake ft. Justin Bieber - Let Me Love You [Lyric Video].mp4
Jun 04 19:45 : update: added music videos/Avicii - You Make Me (Official).mp4
Jun 04 19:45 : update: added music videos/Not Alone (Official Video) - Linkin Park.mp4
Jun 04 19:45 : update: added music videos/Friends theme song - I'll be there for you - official music video HQ.mp4
Jun 04 19:45 : update: added music videos/The Weeknd - Starboy ft. Daft Punk.mp4
Jun 04 19:45 : update: added music videos/Faint (Official Video) - Linkin Park.mp4
Jun 04 19:45 : update: added music videos/Eminem  Without Me.flv
Jun 04 19:45 : update: added music videos/Bon Jovi - It's My Life.mp4
Jun 04 19:45 : update: added music videos/Eminem - Love The Way You Lie ft. Rihanna-[HD720p].mp4
Jun 04 19:45 : update: added music videos/Green Day - 21 Guns [Official Music Video].mp4
Jun 04 19:45 : update: added music videos/Eminem-Not_Afraid-ShoukaT.mp4
Jun 04 19:45 : update: added music videos/Taylor Swift - Bad Blood ft. Kendrick Lamar-1.mp4
Jun 04 19:45 : update: added music videos/Wav'in Flag -Knaan.mp4
Jun 04 19:45 : update: added music videos/Lost In The Echo (Official Video) - Linkin Park.mp4
Jun 04 19:45 : update: added music videos/What I've Done (Official Video) - Linkin Park.mp4
Jun 04 19:45 : update: added music videos/Lukas Graham - 7 Years  OFFICIAL MUSIC VIDEO .mp4
Jun 04 19:45 : update: added music videos/Lynyrd Skynyrd - Free Bird.mp4
Jun 04 19:52 : client: [0] opened from 127.0.0.1:36408
Note: Illegal Audio-MPEG-Header 0x00000000 at offset 509.
Note: Trying to resync...
Note: Hit end of (available) data during resync.
Jun 04 19:53 : mpg123: mpg123_getformat() failed: Message: I am done with this track.
Jun 04 19:53 : ffmpeg/mp3: Failed to read frame size: Could not seek to 1536.
Jun 04 19:53 : exception: OutputThread could not get realtime scheduling, continuing anyway: sched_setscheduler failed: Operation not permitted
Jun 04 19:56 : player: played "playlist/- THE WANTED - CHASING THE SUN.mp3"
Jun 04 20:03 : player: played "playlist/Avicii waiting for love.mp3"
Jun 04 20:10 : player: played "playlist/Avicii-All_You_Need_Is_Love_Original_Mix(www.mp3vip.org).mp3"
Jun 04 20:11 : client: [1] opened from 127.0.0.1:36942
Jun 04 20:11 : client: [2] opened from 127.0.0.1:36944
Jun 04 20:15 : player: played "playlist/Avicii-You_Make_Me.mp3"
Jun 04 20:20 : player: played "playlist/Axwell Λ Ingrosso - More Than You Know(2).mp3"
Jun 04 20:25 : player: played "playlist/Bangarang.mp3"
Jun 04 20:30 : player: played "music videos/A-HA feat KYGO - TAKE ON ME - EXCLUSIVE - The 2015 Nobel Peace Prize Concert-1.mp4"
Jun 04 20:31 : client: [0] closed
Jun 04 20:33 : client: [3] opened from 127.0.0.1:37114
Jun 04 20:35 : ffmpeg/mov,mp4,m4a,3gp,3g2,mj2: moov atom not found
Jun 04 20:35 : exception: avformat_open_input() failed: Invalid data found when processing input
Jun 04 20:35 : exception: Failed to decode music videos/Bleed It Out (Official Video) - Linkin Park.mp4
Jun 04 20:37 : player: played "music videos/Bleed It Out (Official Video) - Linkin Park.mp4"
Jun 04 20:40 : client: [3] closed
Jun 04 20:40 : client: [1] closed
Jun 04 20:40 : client: [2] closed
Jun 04 20:40 : exception: "pulse audio" [pulse] failed to play: suspended
Jun 04 20:40 : client: [4] opened from 127.0.0.1:37120
Jun 04 20:40 : client: [5] opened from 127.0.0.1:37122
Jun 04 20:41 : client: [6] opened from 127.0.0.1:37124
Jun 04 20:41 : client: [6] closed
Jun 04 20:41 : client: [7] opened from 127.0.0.1:37126
Jun 04 20:41 : client: [7] closed
Jun 04 20:41 : player: played "music videos/Calvin Harris - Feels (Official Video) ft. Pharrell Williams, Katy Perry, Big Sean.mp4"
Jun 04 20:42 : client: [8] opened from 127.0.0.1:37128
Jun 04 20:42 : client: [8] closed
Jun 04 20:42 : client: [9] opened from 127.0.0.1:37130
Jun 04 20:42 : client: [9] closed
Jun 04 20:42 : client: [10] opened from 127.0.0.1:37132
Jun 04 20:42 : client: [10] closed
Jun 04 20:42 : client: [11] opened from 127.0.0.1:37134
Jun 04 20:42 : client: [11] closed
Jun 04 20:42 : client: [12] opened from 127.0.0.1:37136
Jun 04 20:42 : client: [12] closed
Jun 04 20:42 : client: [13] opened from 127.0.0.1:37138
Jun 04 20:42 : client: [13] closed
Jun 04 20:42 : player: played "playlist/- THE WANTED - CHASING THE SUN.mp3"
Jun 04 22:11 : exception: OutputThread could not get realtime scheduling, continuing anyway: sched_setscheduler failed: Operation not permitted
Jun 04 22:11 : avahi: Service 'Music Player' successfully established.
Jun 04 22:11 : client: [0] opened from 127.0.0.1:41258
Jun 04 22:11 : client: [1] opened from 127.0.0.1:41260
Jun 04 22:11 : client: [2] opened from 127.0.0.1:41264
Jun 04 22:14 : client: [2] closed
Jun 04 22:24 : client: [3] opened from 127.0.0.1:41418
Jun 04 22:24 : exception: OutputThread could not get realtime scheduling, continuing anyway: sched_setscheduler failed: Operation not permitted
Jun 04 22:26 : client: [4] opened from 127.0.0.1:41428
Jun 04 22:26 : client: [4] closed
Jun 04 22:26 : client: [3] closed
Jun 04 22:28 : client: [5] opened from 127.0.0.1:41456
Jun 04 22:32 : player: played "playlist/[wap10.net]Alesso_-_Sweet_Escape.mp3"
Jun 04 22:35 : client: [6] opened from 127.0.0.1:41738
Jun 04 22:35 : client: [6] closed
Jun 04 22:40 : player: played "playlist/01 I Like It (feat. Pitbull).mp3"
Jun 04 22:40 : client: [5] closed
Jun 04 22:40 : client: [7] opened from 127.0.0.1:41746
Jun 04 22:42 : client: [7] closed
Jun 04 22:42 : client: [8] opened from 127.0.0.1:41822
Jun 04 22:42 : exception: No such directory
Jun 04 22:42 : client: [8] closed
Jun 04 22:42 : client: [9] opened from 127.0.0.1:41824
Note: Illegal Audio-MPEG-Header 0x00000000 at offset 509.
Note: Trying to resync...
Note: Hit end of (available) data during resync.
Jun 04 22:43 : mpg123: mpg123_getformat() failed: Message: I am done with this track.
Jun 04 22:43 : ffmpeg/mp3: Failed to read frame size: Could not seek to 1536.
Note: Illegal Audio-MPEG-Header 0x00000000 at offset 509.
Note: Trying to resync...
Note: Hit end of (available) data during resync.
Jun 04 22:43 : mpg123: mpg123_getformat() failed: Message: I am done with this track.
Jun 04 22:43 : ffmpeg/mp3: Failed to read frame size: Could not seek to 1536.
Jun 04 22:45 : client: [9] closed
Jun 04 22:47 : player: played "playlist/Fitz and the Tantrums - Out of My League (Audio).mp3"
Jun 04 22:48 : client: [10] opened from 127.0.0.1:41832
Jun 04 22:49 : client: [10] closed
Jun 04 22:49 : client: [11] opened from 127.0.0.1:41840
Jun 04 22:49 : client: [11] closed
Jun 04 22:49 : client: [12] opened from 127.0.0.1:41842
Jun 04 22:49 : client: [12] closed
Jun 04 22:49 : client: [13] opened from 127.0.0.1:41844
Jun 04 22:49 : client: [13] closed
Jun 04 22:50 : client: [14] opened from 127.0.0.1:41846
Jun 04 22:50 : client: [14] closed
Jun 04 22:52 : player: played "playlist/_City of Stars_ (Duet ft. Ryan Gosling_ Emma Stone.mp3"
Jun 04 22:54 : client: [15] opened from 127.0.0.1:41854
Jun 04 22:54 : client: [15] closed
Jun 04 22:56 : client: [16] opened from 127.0.0.1:41908
Jun 04 23:01 : player: played "playlist/[Preview]_Axwell_Λ_Ingrosso-On_My_Way_HQ_.mp3"
Jun 04 23:05 : client: [16] closed
Jun 04 23:05 : client: [17] opened from 127.0.0.1:42030
Jun 04 23:05 : client: [17] closed
Jun 04 23:07 : client: [18] opened from 127.0.0.1:42036
Jun 04 23:07 : client: [18] closed
Jun 04 23:07 : client: [19] opened from 127.0.0.1:42046
Jun 04 23:07 : client: [19] closed
Jun 04 23:07 : client: [20] opened from 127.0.0.1:42048
Jun 04 23:07 : client: [20] closed
Jun 04 23:07 : client: [21] opened from 127.0.0.1:42050
Jun 04 23:07 : client: [21] closed
Jun 04 23:07 : client: [22] opened from 127.0.0.1:42052
Jun 04 23:07 : client: [22] closed
Jun 04 23:07 : client: [23] opened from 127.0.0.1:42054
Jun 04 23:07 : client: [23] closed
Jun 04 23:07 : client: [24] opened from 127.0.0.1:42056
Jun 04 23:07 : client: [24] closed
Jun 04 23:07 : client: [25] opened from 127.0.0.1:42058
Jun 04 23:07 : client: [25] closed
Jun 04 23:07 : client: [1] closed
Jun 04 23:07 : client: [0] closed
Jun 04 23:07 : client: [26] opened from 127.0.0.1:42064
Jun 04 23:07 : client: [27] opened from 127.0.0.1:42066
Jun 04 23:11 : client: [28] opened from 127.0.0.1:42070
Jun 04 23:11 : client: [28] closed
Jun 04 23:11 : client: [29] opened from 127.0.0.1:42080
Jun 04 23:11 : client: [29] closed
Jun 04 23:19 : client: [30] opened from 127.0.0.1:42312
Jun 04 23:19 : client: [31] opened from 127.0.0.1:42314
Jun 04 23:19 : client: [31] closed
Jun 04 23:19 : client: [32] opened from 127.0.0.1:42316
Jun 04 23:19 : client: [32] closed
Jun 04 23:20 : client: [30] closed
Jun 04 23:24 : client: [33] opened from 127.0.0.1:42346
Jun 04 23:25 : client: [34] opened from 127.0.0.1:42348
Jun 04 23:28 : player: played "playlist/08. I Cry (www.SongsLover.Pk).mp3"
Jun 04 23:31 : player: played "playlist/Fitz and the Tantrums - Out of My League (Audio).mp3"
Jun 04 23:32 : client: [26] closed
Jun 04 23:32 : client: [27] closed
Jun 04 23:32 : client: [35] opened from 127.0.0.1:42450
Jun 04 23:32 : client: [36] opened from 127.0.0.1:42452
Jun 04 23:32 : client: [37] opened from 127.0.0.1:42454
Jun 04 23:32 : client: [35] closed
Jun 04 23:32 : client: [36] closed
Jun 04 23:32 : client: [37] closed
Jun 04 23:32 : client: [38] opened from 127.0.0.1:42456
Jun 04 23:32 : client: [39] opened from 127.0.0.1:42458
Jun 04 23:32 : client: [40] opened from 127.0.0.1:42460
Jun 04 23:32 : client: [38] closed
Jun 04 23:32 : client: [39] closed
Jun 04 23:32 : client: [40] closed
Jun 04 23:32 : client: [41] opened from 127.0.0.1:42462
Jun 04 23:32 : client: [42] opened from 127.0.0.1:42464
Jun 04 23:33 : client: [41] closed
Jun 04 23:33 : client: [42] closed
Jun 04 23:33 : client: [43] opened from 127.0.0.1:42474
Jun 04 23:33 : client: [43] closed
Jun 04 23:33 : client: [44] opened from 127.0.0.1:42478
Jun 04 23:33 : client: [45] opened from 127.0.0.1:42480
Jun 04 23:33 : client: [46] opened from 127.0.0.1:42482
Jun 04 23:33 : client: [46] closed
Jun 04 23:33 : client: [47] opened from 127.0.0.1:42484
Jun 04 23:33 : player: played "playlist/[HQ Classic] Bohemian Rhapsody - Queen 320kbps.mp3"
Jun 04 23:33 : client: [47] closed
Jun 04 23:33 : client: [48] opened from 127.0.0.1:42486
Jun 04 23:33 : client: [48] closed
Jun 04 23:33 : client: [49] opened from 127.0.0.1:42488
Jun 04 23:33 : client: [49] closed
Jun 04 23:34 : client: [50] opened from 127.0.0.1:42490
Jun 04 23:34 : client: [50] closed
Jun 04 23:34 : client: [51] opened from 127.0.0.1:42492
Jun 04 23:34 : client: [51] closed
Jun 04 23:34 : client: [44] closed
Jun 04 23:34 : client: [45] closed
Jun 04 23:34 : client: [52] opened from 127.0.0.1:42494
Jun 04 23:34 : client: [53] opened from 127.0.0.1:42496
Jun 04 23:37 : player: played "playlist/10. Galantis - Runaway (U & I).mp3"
Jun 04 23:41 : player: played "playlist/audio.mp3"
Jun 04 23:49 : player: played "playlist/Avicii  Always On The Run (True) Bonus Track (New).mp3"
Jun 04 23:53 : player: played "playlist/08. I Cry (www.SongsLover.Pk).mp3"
Jun 04 23:57 : player: played "playlist/Hey Soul Sister.mp3"
Jun 05 00:03 : player: played "playlist/Eminem_-_Superman_(KuttyWeb.com).mp3"
Jun 05 00:09 : player: played "playlist/[HQ Classic] Bohemian Rhapsody - Queen 320kbps.mp3"
Jun 05 00:12 : player: played "playlist/Fitz and the Tantrums - Out of My League (Audio).mp3"
Jun 05 00:17 : player: played "playlist/Florence   The Machine - Hunger.mp3"
Jun 05 00:17 : mad: input/Input does not appear to be a mp3 bit stream
Jun 05 00:21 : mpg123: mpg123_read() failed: Message: Feed me more input data!
Jun 05 00:21 : player: played "playlist/Gorillaz - On Melancholy Hill (Official Video) (1).mp3"
Jun 05 00:24 : player: played "playlist/_City of Stars_ (Duet ft. Ryan Gosling_ Emma Stone.mp3"
Jun 05 00:28 : client: [33] closed
Jun 05 00:28 : client: [34] closed
Jun 05 00:28 : player: played "playlist/Johnny Cash - Hurt (Official Video) HD.mp3"
Jun 05 00:28 : client: [54] opened from 127.0.0.1:43062
Jun 05 00:28 : client: [54] closed
Jun 05 00:45 : client: [55] opened from 127.0.0.1:43768
Jun 05 00:45 : client: [56] opened from 127.0.0.1:43770
Jun 05 00:46 : mad: input/Input does not appear to be a mp3 bit stream
Jun 05 00:48 : client: [56] closed
Jun 05 00:48 : client: [55] closed
Jun 05 00:50 : mpg123: mpg123_read() failed: Message: Feed me more input data!
Jun 05 00:50 : player: played "playlist/Gorillaz - On Melancholy Hill (Official Video) (1).mp3"
Jun 05 00:53 : client: [57] opened from 127.0.0.1:43794
Jun 05 00:54 : player: played "playlist/Hey Soul Sister.mp3"
Jun 05 00:55 : client: [58] opened from 127.0.0.1:43796
Jun 05 01:00 : exception: "pulse audio" [pulse] failed to play: disconnected
Jun 05 01:00 : player: played "playlist/03-bonfire.mp3"
Jun 05 11:15 : exception: OutputThread could not get realtime scheduling, continuing anyway: sched_setscheduler failed: Operation not permitted
Jun 05 11:15 : exception: OutputThread could not get realtime scheduling, continuing anyway: sched_setscheduler failed: Operation not permitted
Jun 05 11:15 : client: [0] opened from 127.0.0.1:48992
Jun 05 11:15 : client: [1] opened from 127.0.0.1:48994
Jun 05 11:15 : avahi: Service 'Music Player' successfully established.
Jun 05 11:16 : player: played "playlist/03-bonfire.mp3"
Jun 05 11:21 : player: played "playlist/Avicii  Always On The Run (True) Bonus Track (New).mp3"
Jun 05 11:25 : player: played "playlist/10. Galantis - Runaway (U & I).mp3"
Jun 05 11:27 : player: played "playlist/Green day - Time of your life with lyrics.mp3"
Jun 05 11:28 : client: [2] opened from 127.0.0.1:49464
Jun 05 11:28 : client: [2] closed
Jun 05 11:35 : client: [3] opened from 127.0.0.1:49556
Jun 05 11:39 : player: played "music videos/[Drumstep] - Excision & Pegboard Nerds - Bring The Madness (feat. Mayor Apeshit) [Monstercat].mp4"
Jun 05 11:42 : player: played "music videos/Bleed It Out (Official Video) - Linkin Park.mp4"
Jun 05 11:47 : player: played "music videos/Bon Jovi - You Give Love A Bad Name.mp4"
Jun 05 11:53 : player: played "playlist/Eminem_-_Superman_(KuttyWeb.com).mp3"
Jun 05 11:59 : player: played "music videos/Imagine Dragons - It's Time.mp4"
Jun 05 12:03 : mad: input/Input does not appear to be a mp3 bit stream
Jun 05 12:03 : player: played "playlist/Johnny Cash - Hurt (Official Video) HD.mp3"
Jun 05 12:07 : mpg123: mpg123_read() failed: Message: Feed me more input data!
Jun 05 12:15 : player: played "music videos/Martin Garrix & Third Party - Lions In The Wild [Official Video].mp4"
Jun 05 12:17 : client: [4] opened from 127.0.0.1:50254
Jun 05 12:17 : client: [4] closed
Jun 05 13:11 : client: [5] opened from 127.0.0.1:50830
Jun 05 13:11 : client: [5] closed
Jun 05 13:34 : client: [6] opened from 127.0.0.1:50984
Jun 05 13:34 : client: [6] closed
Jun 05 13:35 : player: played "music videos/Mike Posner - I Took A Pill In Ibiza (Seeb Remix) (Explicit).mp4"
Jun 05 13:38 : player: played "music videos/Numb (Official Video) - Linkin Park.mp4"
Jun 05 13:42 : player: played "playlist/audio.mp3"
Jun 05 13:48 : client: [7] opened from 127.0.0.1:51204
Jun 05 13:48 : client: [7] closed
Jun 05 13:58 : player: played "music videos/Of Monsters And Men - Little Talks (Official Video).mp4"
Jun 05 14:03 : player: played "music videos/OneRepublic - All The Right Moves.mp4"
Jun 05 14:06 : player: played "playlist/Hey Soul Sister.mp3"
Jun 05 14:10 : player: played "music videos/OneRepublic - Wherever I Go (Official Video).mp4"
Jun 05 14:13 : player: played "music videos/Numb (Official Video) - Linkin Park.mp4"
Jun 05 14:16 : player: played "playlist/Fitz and the Tantrums - Out of My League (Audio).mp3"
Jun 05 14:27 : client: [3] closed
Jun 05 14:27 : client: [0] closed
Jun 05 14:27 : client: [1] closed
Jun 05 14:28 : exception: "pulse audio" [pulse] failed to play: suspended
Jun 05 14:28 : client: [8] opened from 127.0.0.1:51492
Jun 05 14:28 : client: [9] opened from 127.0.0.1:51494
Jun 05 14:29 : client: [8] closed
Jun 05 14:29 : client: [9] closed
Jun 05 14:29 : client: [10] opened from 127.0.0.1:51500
Jun 05 14:29 : client: [11] opened from 127.0.0.1:51502
Jun 05 14:30 : client: [10] closed
Jun 05 14:30 : client: [11] closed
Jun 05 14:30 : client: [12] opened from 127.0.0.1:51510
Jun 05 14:30 : client: [13] opened from 127.0.0.1:51512
Jun 05 14:30 : player: played "music videos/SKRILLEX   ALVIN RISK - TRY IT OUT [OFFICIAL VIDEO].mp4"
Jun 05 14:34 : client: [12] closed
Jun 05 14:34 : client: [13] closed
Jun 05 14:34 : exception: "pulse audio" [pulse] failed to play: suspended
Jun 05 14:34 : client: [14] opened from 127.0.0.1:51518
Jun 05 14:34 : client: [15] opened from 127.0.0.1:51520
Jun 05 14:34 : player: played "playlist/Johnny Cash - Hurt (Official Video) HD.mp3"
Jun 05 14:35 : client: [16] opened from 127.0.0.1:51524
Jun 05 14:35 : client: [16] closed
Jun 05 14:35 : client: [14] closed
Jun 05 14:35 : client: [15] closed
Jun 05 14:35 : client: [17] opened from 127.0.0.1:51530
Jun 05 14:35 : client: [18] opened from 127.0.0.1:51532
Jun 05 14:47 : client: [17] closed
Jun 05 14:47 : client: [18] closed
Jun 05 14:47 : client: [19] opened from 127.0.0.1:51542
Jun 05 14:47 : client: [20] opened from 127.0.0.1:51544
Jun 05 15:34 : client: [19] closed
Jun 05 15:34 : client: [20] closed
Jun 05 15:34 : client: [21] opened from 127.0.0.1:51550
Jun 05 15:34 : client: [22] opened from 127.0.0.1:51552
Jun 05 15:36 : client: [21] closed
Jun 05 15:36 : client: [22] closed
Jun 05 15:36 : client: [23] opened from 127.0.0.1:51558
Jun 05 15:36 : client: [24] opened from 127.0.0.1:51560
Jun 05 15:37 : client: [23] closed
Jun 05 15:37 : client: [24] closed
Jun 05 15:37 : client: [25] opened from 127.0.0.1:51566
Jun 05 15:37 : client: [26] opened from 127.0.0.1:51568
Jun 05 15:38 : client: [25] closed
Jun 05 15:38 : client: [26] closed
Jun 05 15:38 : client: [27] opened from 127.0.0.1:51574
Jun 05 15:38 : client: [28] opened from 127.0.0.1:51576
Jun 05 15:38 : client: [27] closed
Jun 05 15:38 : client: [28] closed
Jun 05 15:38 : client: [29] opened from 127.0.0.1:51582
Jun 05 15:38 : client: [30] opened from 127.0.0.1:51584
Jun 05 15:52 : client: [29] closed
Jun 05 15:52 : client: [30] closed
Jun 05 15:52 : client: [31] opened from 127.0.0.1:51742
Jun 05 15:52 : client: [32] opened from 127.0.0.1:51744
Jun 05 15:54 : client: [31] closed
Jun 05 15:54 : client: [32] closed
Jun 05 15:54 : client: [33] opened from 127.0.0.1:51750
Jun 05 15:54 : client: [34] opened from 127.0.0.1:51752
Jun 05 15:55 : client: [33] closed
Jun 05 15:55 : client: [34] closed
Jun 05 15:55 : client: [35] opened from 127.0.0.1:51758
Jun 05 15:55 : client: [36] opened from 127.0.0.1:51760
Jun 05 15:58 : client: [35] closed
Jun 05 15:58 : client: [36] closed
Jun 05 15:59 : client: [37] opened from 127.0.0.1:51768
Jun 05 15:59 : client: [38] opened from 127.0.0.1:51770
Jun 05 16:58 : client: [39] opened from 127.0.0.1:52392
Jun 05 16:58 : client: [39] closed
Jun 05 17:24 : client: [40] opened from 127.0.0.1:52678
Jun 05 17:28 : client: [40] closed
Jun 05 17:29 : player: played "music videos/Bon Jovi - It's My Life.mp4"
Jun 05 17:31 : client: [41] opened from 127.0.0.1:52790
Jun 05 17:31 : client: [41] closed
Jun 05 17:31 : mad: input/Input does not appear to be a mp3 bit stream
Jun 05 17:31 : player: played "music videos/Of Monsters And Men - Little Talks (Official Video).mp4"
Jun 05 17:33 : client: [42] opened from 127.0.0.1:52854
Jun 05 17:34 : client: [42] closed
Jun 05 17:35 : mpg123: mpg123_read() failed: Message: Feed me more input data!
Jun 05 17:36 : player: played "playlist/Gorillaz - On Melancholy Hill (Official Video) (1).mp3"
Jun 05 17:36 : client: [43] opened from 127.0.0.1:52928
Jun 05 17:39 : player: played "music videos/Linkin Park - The Messenger (Music Video).mp4"
Jun 05 17:42 : player: played "music videos/Marshmello - Alone (Official Music Video).mp4"
Jun 05 17:47 : player: played "playlist/Avicii  Always On The Run (True) Bonus Track (New).mp3"
Jun 05 17:47 : client: [43] closed
Jun 05 17:47 : client: [44] opened from 127.0.0.1:53282
Jun 05 17:49 : client: [44] closed
Jun 05 17:49 : client: [45] opened from 127.0.0.1:53288
Jun 05 18:20 : player: played "music videos/Bleed It Out (Official Video) - Linkin Park.mp4"
Jun 05 18:23 : client: [45] closed
Jun 05 18:23 : client: [46] opened from 127.0.0.1:53384
Jun 05 18:23 : client: [46] closed
Jun 05 18:23 : client: [47] opened from 127.0.0.1:53386
Jun 05 18:24 : client: [47] closed
Jun 05 18:25 : client: [48] opened from 127.0.0.1:53388
Jun 05 18:25 : player: played "music videos/The Weeknd - Starboy ft. Daft Punk.mp4"
Jun 05 18:26 : client: [48] closed
Jun 05 18:26 : client: [49] opened from 127.0.0.1:53390
Jun 05 18:26 : client: [49] closed
Jun 05 18:26 : client: [50] opened from 127.0.0.1:53392
Jun 05 18:29 : player: played "music videos/Mike Posner - I Took A Pill In Ibiza (Seeb Remix) (Explicit).mp4"
Jun 05 18:30 : client: [50] closed
Jun 05 18:30 : client: [51] opened from 127.0.0.1:53408
Jun 05 18:31 : client: [51] closed
Jun 05 18:31 : client: [52] opened from 127.0.0.1:53410
Jun 05 18:35 : player: played "playlist/Eminem_-_Superman_(KuttyWeb.com).mp3"
Jun 05 18:38 : client: [52] closed
Jun 05 18:39 : player: played "playlist/10. Galantis - Runaway (U & I).mp3"
Jun 05 18:40 : client: [53] opened from 127.0.0.1:53486
Jun 05 18:42 : client: [53] closed
Jun 05 18:42 : client: [54] opened from 127.0.0.1:53490
Jun 05 18:43 : client: [54] closed
Jun 05 18:43 : client: [55] opened from 127.0.0.1:53492
Jun 05 18:43 : client: [55] closed
Jun 05 18:43 : client: [56] opened from 127.0.0.1:53494
Jun 05 18:44 : player: played "music videos/Bebe Rexha - I Got You [Official Music Video].mp4"
Jun 05 18:45 : client: [56] closed
Jun 05 18:45 : client: [57] opened from 127.0.0.1:53496
Jun 05 18:50 : player: played "music videos/For_Hawwa_and_Aimina-1.MP4"
Jun 05 18:51 : client: [57] closed
Jun 05 18:51 : client: [58] opened from 127.0.0.1:53554
Jun 05 18:52 : client: [58] closed
Jun 05 18:52 : client: [59] opened from 127.0.0.1:53556
Jun 05 18:52 : client: [59] closed
Jun 05 18:52 : client: [60] opened from 127.0.0.1:53560
Jun 05 18:54 : player: played "playlist/08. I Cry (www.SongsLover.Pk).mp3"
Jun 05 18:58 : player: played "music videos/What I've Done (Official Video) - Linkin Park.mp4"
Jun 05 19:01 : player: played "music videos/The Magician - 'SHY' (feat. Brayton Bowman).mp4"
Jun 05 19:05 : player: played "music videos/Imagine Dragons - Demons (Official).mp4"
Jun 05 19:10 : player: played "playlist/[Preview]_Axwell_Λ_Ingrosso-On_My_Way_HQ_.mp3"
Jun 05 19:15 : player: played "music videos/Oasis Wonderwall.mp4"
Jun 05 19:21 : player: played "playlist/[HQ Classic] Bohemian Rhapsody - Queen 320kbps.mp3"
Jun 05 19:23 : player: played "playlist/Green day - Time of your life with lyrics.mp3"
